Arguments: 
  /usr/local/bin/node /opt/yarn-v1.17.3/bin/yarn.js add @type/node -D

PATH: 
  /usr/local/sbin:/usr/local/bin:/usr/sbin:/usr/bin:/sbin:/bin

Yarn version: 
  1.17.3

Node version: 
  10.16.3

Platform: 
  linux x64

Trace: 
  Error: https://registry.yarnpkg.com/@type%2fnode: Not found
      at Request.params.callback [as _callback] (/opt/yarn-v1.17.3/lib/cli.js:66830:18)
      at Request.self.callback (/opt/yarn-v1.17.3/lib/cli.js:140464:22)
      at Request.emit (events.js:198:13)
      at Request.<anonymous> (/opt/yarn-v1.17.3/lib/cli.js:141436:10)
      at Request.emit (events.js:198:13)
      at IncomingMessage.<anonymous> (/opt/yarn-v1.17.3/lib/cli.js:141358:12)
      at Object.onceWrapper (events.js:286:20)
      at IncomingMessage.emit (events.js:203:15)
      at endReadableNT (_stream_readable.js:1145:12)
      at process._tickCallback (internal/process/next_tick.js:63:19)

npm manifest: 
  {
  	"dependencies": {
  		"@smartface/smartface.ui-editor": "6.15.1"
  	},
  	"marketplace-assets": {},
  	"devDependencies": {
  		"@microsoft/rush": "^5.19.4"
  	},
      "scripts": {
          "run:dev": "tsc -w"
      }
  }

yarn manifest: 
  No manifest

Lockfile: 
  # THIS IS AN AUTOGENERATED FILE. DO NOT EDIT THIS FILE DIRECTLY.
  # yarn lockfile v1
  
  
  "@babel/code-frame@^7.0.0":
    version "7.8.3"
    resolved "https://registry.yarnpkg.com/@babel/code-frame/-/code-frame-7.8.3.tgz#33e25903d7481181534e12ec0a25f16b6fcf419e"
    integrity sha512-a9gxpmdXtZEInkCSHUJDLHZVBgb1QS0jhss4cPP93EW7s+uC5bikET2twEF3KV+7rDblJcmNvTR7VJejqd2C2g==
    dependencies:
      "@babel/highlight" "^7.8.3"
  
  "@babel/highlight@^7.8.3":
    version "7.8.3"
    resolved "https://registry.yarnpkg.com/@babel/highlight/-/highlight-7.8.3.tgz#28f173d04223eaaa59bc1d439a3836e6d1265797"
    integrity sha512-PX4y5xQUvy0fnEVHrYOarRPXVWafSjTW9T0Hab8gVIawpl2Sj0ORyrygANq+KjcNlSSTw0YCLSNA8OyZ1I4yEg==
    dependencies:
      chalk "^2.0.0"
      esutils "^2.0.2"
      js-tokens "^4.0.0"
  
  "@microsoft/node-core-library@3.19.3":
    version "3.19.3"
    resolved "https://registry.yarnpkg.com/@microsoft/node-core-library/-/node-core-library-3.19.3.tgz#cf09ddb2905a29b32956d4a88f9d035a00637be9"
    integrity sha512-rJ+hT6+XK5AESbhn31YBnHKpZSFKCmqHCRZyK9+jyWwav1HXv0qzuXnFvnyrO0MZyJ6rH0seWOZVWbU5KGv1tg==
    dependencies:
      "@types/node" "10.17.13"
      colors "~1.2.1"
      fs-extra "~7.0.1"
      jju "~1.4.0"
      semver "~5.3.0"
      timsort "~0.3.0"
      z-schema "~3.18.3"
  
  "@microsoft/package-deps-hash@2.4.4":
    version "2.4.4"
    resolved "https://registry.yarnpkg.com/@microsoft/package-deps-hash/-/package-deps-hash-2.4.4.tgz#3b9cc878256859667ef1790c36f926c1cfe16355"
    integrity sha512-aieUt3WSB9i2E2vPSqaX1wXsfHbA5hXgdaJswrNzYa4jP2qysfftI/bAW0u0oB2qOcaX9bmK7/iRzwpZ6mZwLw==
    dependencies:
      "@microsoft/node-core-library" "3.19.3"
  
  "@microsoft/rush-lib@5.19.4":
    version "5.19.4"
    resolved "https://registry.yarnpkg.com/@microsoft/rush-lib/-/rush-lib-5.19.4.tgz#15ed04545426a9474259aa61e4bd4bf4314afd07"
    integrity sha512-Kj1vujjdGdDHKAUu8jeo9FqmxpvQfg9dszy4njRG2PHSg+1oHPGP8hg5qFW0YJstq5P7HV1AQi7M8EtVXgpozw==
    dependencies:
      "@microsoft/node-core-library" "3.19.3"
      "@microsoft/package-deps-hash" "2.4.4"
      "@microsoft/stream-collator" "3.2.4"
      "@microsoft/ts-command-line" "4.3.10"
      "@pnpm/link-bins" "~5.1.0"
      "@yarnpkg/lockfile" "~1.0.2"
      builtin-modules "~3.1.0"
      cli-table "~0.3.1"
      colors "~1.2.1"
      git-repo-info "~2.1.0"
      glob "~7.0.5"
      glob-escape "~0.0.1"
      https-proxy-agent "~2.2.1"
      inquirer "~6.2.0"
      js-yaml "~3.13.1"
      lodash "~4.17.15"
      minimatch "~3.0.2"
      node-fetch "~2.1.2"
      npm-package-arg "~6.1.0"
      read-package-tree "~5.1.5"
      semver "~5.3.0"
      strict-uri-encode "~2.0.0"
      tar "~4.4.1"
      "true-case-path" "~2.2.1"
      wordwrap "~1.0.0"
      z-schema "~3.18.3"
  
  "@microsoft/rush@^5.19.4":
    version "5.19.4"
    resolved "https://registry.yarnpkg.com/@microsoft/rush/-/rush-5.19.4.tgz#d96c249310da4ef9c5efca176b9db24d074883d1"
    integrity sha512-MElin3aVsVwBag69rDCngqY9ryW0zQhxi/l9EL0SdfvAKAH8FudF/sVSSnexJuEOvQBiPZg/EsbHNDXU4eE1pg==
    dependencies:
      "@microsoft/node-core-library" "3.19.3"
      "@microsoft/rush-lib" "5.19.4"
      colors "~1.2.1"
      semver "~5.3.0"
  
  "@microsoft/stream-collator@3.2.4":
    version "3.2.4"
    resolved "https://registry.yarnpkg.com/@microsoft/stream-collator/-/stream-collator-3.2.4.tgz#ce04ebb40f7c00c3e72cf75a34757340cbce719a"
    integrity sha512-rEE3w/NPRt5lz5CTsWs0+pATvChyAGvT2ntS5Q8VXDANWnt6/s8+6bHpo/FjeG5+Iv4rhF/fdJG0DlCyzOnXSg==
    dependencies:
      colors "~1.2.1"
  
  "@microsoft/ts-command-line@4.3.10":
    version "4.3.10"
    resolved "https://registry.yarnpkg.com/@microsoft/ts-command-line/-/ts-command-line-4.3.10.tgz#fcb4f5ea43c93d17db6cc810bbee39ea32b2a86d"
    integrity sha512-AgxArGqPt0H5WTo3fxNFP3Blm3obkCCopVG9kwIo+/mMdXaj6qMDn6+8Bv8+5Nke3CvvXpKAZtu3IaGY5cV1Hg==
    dependencies:
      "@types/argparse" "1.0.33"
      argparse "~1.0.9"
      colors "~1.2.1"
  
  "@pnpm/error@1.0.0":
    version "1.0.0"
    resolved "https://registry.yarnpkg.com/@pnpm/error/-/error-1.0.0.tgz#e2f6b84eebec9cc5578d875cdd8adb41b3d20638"
    integrity sha512-csAZ7TEl83BD/PzUpLvGNWGUb8ouaDCGyPgDwc+pAJSovg++FKDB0CdoF+VPgBstYen2p+7OOMpEAJHAYK0Ccw==
  
  "@pnpm/link-bins@~5.1.0":
    version "5.1.4"
    resolved "https://registry.yarnpkg.com/@pnpm/link-bins/-/link-bins-5.1.4.tgz#20ec08e72e0a48d8c381f1fc961c3393405eea82"
    integrity sha512-BPz/p5kY2POUsOooX8wRerR+CNOMT2xiz9R3WJPfgZjG2wpsz87oHI6RYxpBFSeKVJrINgMnSk8QyvCmGE0hiA==
    dependencies:
      "@pnpm/error" "1.0.0"
      "@pnpm/package-bins" "4.0.2"
      "@pnpm/read-modules-dir" "2.0.1"
      "@pnpm/read-package-json" "3.0.2"
      "@pnpm/read-project-manifest" "1.0.0"
      "@pnpm/types" "5.0.0"
      "@zkochan/cmd-shim" "4.2.1"
      is-subdir "1.1.1"
      is-windows "1.0.2"
      make-dir "3.0.0"
      mz "2.7.0"
      normalize-path "3.0.0"
      p-settle "3.1.0"
      ramda "0.27.0"
  
  "@pnpm/package-bins@4.0.2":
    version "4.0.2"
    resolved "https://registry.yarnpkg.com/@pnpm/package-bins/-/package-bins-4.0.2.tgz#c0dd9421a31d5e9c6fc0f1f434ce0e4413c0a0e7"
    integrity sha512-+A6T+bJHnaRu9vk1MJhNlvZHXL3dEVd+sED2ElufuVh4tcbGVInFlYGfbomhVSBH6F+tNzNa1/OUkkvgBg4qCg==
    dependencies:
      "@pnpm/types" "5.0.0"
      graceful-fs "4.2.3"
      is-subdir "1.1.1"
      p-filter "2.1.0"
  
  "@pnpm/read-modules-dir@2.0.1":
    version "2.0.1"
    resolved "https://registry.yarnpkg.com/@pnpm/read-modules-dir/-/read-modules-dir-2.0.1.tgz#f8653ae5dde12e3433f226613cbdd4ee662cdd2c"
    integrity sha512-ki1Hw9YtvnyO+X0NA2l6NV2rD+bnkgNSqZ2lnBa0nbFL/uqylePcEq4C0jkMrE4vS99Z0/ktoVyzVjBPFtKMkA==
    dependencies:
      mz "2.7.0"
  
  "@pnpm/read-package-json@3.0.2":
    version "3.0.2"
    resolved "https://registry.yarnpkg.com/@pnpm/read-package-json/-/read-package-json-3.0.2.tgz#ad0bd0f5467a8475a21204c591f2f9cd15b53747"
    integrity sha512-FxUuHEkwkdAjstO0ioqrTnzTyAKwcZQQ0PKImIoehO3SlNNqjV9PLIjwfLdMqdxl4ll9C0qh83RxYWpak/XdqA==
    dependencies:
      "@pnpm/types" "^5.0.0"
      read-package-json "2.1.1"
  
  "@pnpm/read-project-manifest@1.0.0":
    version "1.0.0"
    resolved "https://registry.yarnpkg.com/@pnpm/read-project-manifest/-/read-project-manifest-1.0.0.tgz#ef3534539b2035141631676498af3cf3d86f7257"
    integrity sha512-CM5t8EfjxxiO6fO4FX547MimWpWWT7foQ0R6dyfNrXvib1YfxOY7f6cfcK3kAS/hGVueXPvH3OGzWMvZD27xUQ==
    dependencies:
      "@pnpm/error" "1.0.0"
      "@pnpm/types" "^5.0.0"
      "@pnpm/write-project-manifest" "1.0.0"
      detect-indent "6.0.0"
      fast-deep-equal "3.1.1"
      graceful-fs "4.2.1"
      is-windows "1.0.2"
      json5 "2.1.1"
      parse-json "5.0.0"
      read-yaml-file "1.1.0"
      sort-keys "4.0.0"
      strip-bom "4.0.0"
  
  "@pnpm/types@5.0.0", "@pnpm/types@^5.0.0":
    version "5.0.0"
    resolved "https://registry.yarnpkg.com/@pnpm/types/-/types-5.0.0.tgz#522be0fc8cd3efed8df36e496f7e3edadad8d807"
    integrity sha512-atnG7xWrtf22WNXFHQCqK+/LJnCuUNsWxUTg2uhvSq6OlcdviPe67AveqDv/q9KGkpBrEcqg7ChlhJyRjNE9zg==
  
  "@pnpm/write-project-manifest@1.0.0":
    version "1.0.0"
    resolved "https://registry.yarnpkg.com/@pnpm/write-project-manifest/-/write-project-manifest-1.0.0.tgz#e792eb2107c495df876f2fe1157f529b45bf31a8"
    integrity sha512-XNg0udEoe81rq1jTe3J9itbg8a4GwR/d1I7vSBdYdNU7qmmTilEy+2E+pu/VAL8PMIDRldplV3VkGDoiuN07Vw==
    dependencies:
      "@pnpm/types" "^5.0.0"
      write-json-file "4.0.0"
      write-json5-file "2.1.2"
      write-yaml-file "3.0.1"
  
  "@smartface/smartface.ui-editor@6.15.1":
    version "6.15.1"
    resolved "https://registry.yarnpkg.com/@smartface/smartface.ui-editor/-/smartface.ui-editor-6.15.1.tgz#c0326d386cef1d040f7d74f975f96637d4d34e28"
    integrity sha512-EeQt6xm3FjWJDAsfL2yHCEFKi2pPqQZuaIKlQrUgDOMPozbBspoO2acoHExy/anJzIP5DlpoNPsKTmeKiNldpQ==
  
  "@types/argparse@1.0.33":
    version "1.0.33"
    resolved "https://registry.yarnpkg.com/@types/argparse/-/argparse-1.0.33.tgz#2728669427cdd74a99e53c9f457ca2866a37c52d"
    integrity sha512-VQgHxyPMTj3hIlq9SY1mctqx+Jj8kpQfoLvDlVSDNOyuYs8JYfkuY3OW/4+dO657yPmNhHpePRx0/Tje5ImNVQ==
  
  "@types/node@10.17.13":
    version "10.17.13"
    resolved "https://registry.yarnpkg.com/@types/node/-/node-10.17.13.tgz#ccebcdb990bd6139cd16e84c39dc2fb1023ca90c"
    integrity sha512-pMCcqU2zT4TjqYFrWtYHKal7Sl30Ims6ulZ4UFXxI4xbtQqK/qqKwkDoBFCfooRqqmRu9vY3xaJRwxSh673aYg==
  
  "@yarnpkg/lockfile@~1.0.2":
    version "1.0.2"
    resolved "https://registry.yarnpkg.com/@yarnpkg/lockfile/-/lockfile-1.0.2.tgz#833d163680a151d2441a2489f5fe5fa87ac87726"
    integrity sha512-MqJ00WXw89ga0rK6GZkdmmgv3bAsxpJixyTthjcix73O44pBqotyU2BejBkLuIsaOBI6SEu77vAnSyLe5iIHkw==
  
  "@zkochan/cmd-shim@4.2.1":
    version "4.2.1"
    resolved "https://registry.yarnpkg.com/@zkochan/cmd-shim/-/cmd-shim-4.2.1.tgz#02df51db1b465b7e252c2c73d85d15ec2f02b84c"
    integrity sha512-nlAQt6YjG1VwmxhNwvXOcgxPFJR6yF6u9kbAU2uWjfeDDkBavzUC6F210+Xfb44Ui7eY3vFK6CvSr3MNKedjOw==
    dependencies:
      is-windows "^1.0.2"
      make-dir "^3.0.0"
  
  agent-base@^4.3.0:
    version "4.3.0"
    resolved "https://registry.yarnpkg.com/agent-base/-/agent-base-4.3.0.tgz#8165f01c436009bccad0b1d122f05ed770efc6ee"
    integrity sha512-salcGninV0nPrwpGNn4VTXBb1SOuXQBiqbrNXoeizJsHrsL6ERFM2Ne3JUSBWRE6aeNJI2ROP/WEEIDUiDe3cg==
    dependencies:
      es6-promisify "^5.0.0"
  
  ansi-escapes@^3.2.0:
    version "3.2.0"
    resolved "https://registry.yarnpkg.com/ansi-escapes/-/ansi-escapes-3.2.0.tgz#8780b98ff9dbf5638152d1f1fe5c1d7b4442976b"
    integrity sha512-cBhpre4ma+U0T1oM5fXg7Dy1Jw7zzwv7lt/GoCpr+hDQJoYnKVPLL4dCvSEFMmQurOQvSrwT7SL/DAlhBI97RQ==
  
  ansi-regex@^3.0.0:
    version "3.0.0"
    resolved "https://registry.yarnpkg.com/ansi-regex/-/ansi-regex-3.0.0.tgz#ed0317c322064f79466c02966bddb605ab37d998"
    integrity sha1-7QMXwyIGT3lGbAKWa922Bas32Zg=
  
  ansi-regex@^4.1.0:
    version "4.1.0"
    resolved "https://registry.yarnpkg.com/ansi-regex/-/ansi-regex-4.1.0.tgz#8b9f8f08cf1acb843756a839ca8c7e3168c51997"
    integrity sha512-1apePfXM1UOSqw0o9IiFAovVz9M5S1Dg+4TrDwfMewQ6p/rmMueb7tWZjQ1rx4Loy1ArBggoqGpfqqdI4rondg==
  
  ansi-styles@^3.2.1:
    version "3.2.1"
    resolved "https://registry.yarnpkg.com/ansi-styles/-/ansi-styles-3.2.1.tgz#41fbb20243e50b12be0f04b8dedbf07520ce841d"
    integrity sha512-VT0ZI6kZRdTh8YyJw3SMbYm/u+NqfsAxEpWO0Pf9sq8/e94WxxOpPKx9FR1FlyCtOVDNOQ+8ntlqFxiRc+r5qA==
    dependencies:
      color-convert "^1.9.0"
  
  any-promise@^1.0.0:
    version "1.3.0"
    resolved "https://registry.yarnpkg.com/any-promise/-/any-promise-1.3.0.tgz#abc6afeedcea52e809cdc0376aed3ce39635d17f"
    integrity sha1-q8av7tzqUugJzcA3au0845Y10X8=
  
  argparse@^1.0.7, argparse@~1.0.9:
    version "1.0.10"
    resolved "https://registry.yarnpkg.com/argparse/-/argparse-1.0.10.tgz#bcd6791ea5ae09725e17e5ad988134cd40b3d911"
    integrity sha512-o5Roy6tNG4SL/FOkCAN6RzjiakZS25RLYFrcMttJqbdd8BWrnA+fGz57iN5Pb06pvBGvl5gQ0B48dJlslXvoTg==
    dependencies:
      sprintf-js "~1.0.2"
  
  asap@^2.0.0:
    version "2.0.6"
    resolved "https://registry.yarnpkg.com/asap/-/asap-2.0.6.tgz#e50347611d7e690943208bbdafebcbc2fb866d46"
    integrity sha1-5QNHYR1+aQlDIIu9r+vLwvuGbUY=
  
  balanced-match@^1.0.0:
    version "1.0.0"
    resolved "https://registry.yarnpkg.com/balanced-match/-/balanced-match-1.0.0.tgz#89b4d199ab2bee49de164ea02b89ce462d71b767"
    integrity sha1-ibTRmasr7kneFk6gK4nORi1xt2c=
  
  better-path-resolve@1.0.0:
    version "1.0.0"
    resolved "https://registry.yarnpkg.com/better-path-resolve/-/better-path-resolve-1.0.0.tgz#13a35a1104cdd48a7b74bf8758f96a1ee613f99d"
    integrity sha512-pbnl5XzGBdrFU/wT4jqmJVPn2B6UHPBOhzMQkY/SPUPB6QtUXtmBHBIwCbXJol93mOpGMnQyP/+BB19q04xj7g==
    dependencies:
      is-windows "^1.0.0"
  
  brace-expansion@^1.1.7:
    version "1.1.11"
    resolved "https://registry.yarnpkg.com/brace-expansion/-/brace-expansion-1.1.11.tgz#3c7fcbf529d87226f3d2f52b966ff5271eb441dd"
    integrity sha512-iCuPHDFgrHX7H2vEI/5xpz07zSHB00TpugqhmYtVmMO6518mCuRMoOYFldEBl0g187ufozdaHgWKcYFb61qGiA==
    dependencies:
      balanced-match "^1.0.0"
      concat-map "0.0.1"
  
  builtin-modules@~3.1.0:
    version "3.1.0"
    resolved "https://registry.yarnpkg.com/builtin-modules/-/builtin-modules-3.1.0.tgz#aad97c15131eb76b65b50ef208e7584cd76a7484"
    integrity sha512-k0KL0aWZuBt2lrxrcASWDfwOLMnodeQjodT/1SxEQAXsHANgo6ZC/VEaSEHCXt7aSTZ4/4H5LKa+tBXmW7Vtvw==
  
  builtins@^1.0.3:
    version "1.0.3"
    resolved "https://registry.yarnpkg.com/builtins/-/builtins-1.0.3.tgz#cb94faeb61c8696451db36534e1422f94f0aee88"
    integrity sha1-y5T662HIaWRR2zZTThQi+U8K7og=
  
  chalk@^2.0.0, chalk@^2.4.2:
    version "2.4.2"
    resolved "https://registry.yarnpkg.com/chalk/-/chalk-2.4.2.tgz#cd42541677a54333cf541a49108c1432b44c9424"
    integrity sha512-Mti+f9lpJNcwF4tWV8/OrTTtF1gZi+f8FqlyAdouralcFWFQWF2+NgCHShjkCb+IFBLq9buZwE1xckQU4peSuQ==
    dependencies:
      ansi-styles "^3.2.1"
      escape-string-regexp "^1.0.5"
      supports-color "^5.3.0"
  
  chardet@^0.7.0:
    version "0.7.0"
    resolved "https://registry.yarnpkg.com/chardet/-/chardet-0.7.0.tgz#90094849f0937f2eedc2425d0d28a9e5f0cbad9e"
    integrity sha512-mT8iDcrh03qDGRRmoA2hmBJnxpllMR+0/0qlzjqZES6NdiWDcZkCNAk4rPFZ9Q85r27unkiNNg8ZOiwZXBHwcA==
  
  chownr@^1.1.1:
    version "1.1.3"
    resolved "https://registry.yarnpkg.com/chownr/-/chownr-1.1.3.tgz#42d837d5239688d55f303003a508230fa6727142"
    integrity sha512-i70fVHhmV3DtTl6nqvZOnIjbY0Pe4kAUjwHj8z0zAdgBtYrJyYwLKCCuRBQ5ppkyL0AkN7HKRnETdmdp1zqNXw==
  
  cli-cursor@^2.1.0:
    version "2.1.0"
    resolved "https://registry.yarnpkg.com/cli-cursor/-/cli-cursor-2.1.0.tgz#b35dac376479facc3e94747d41d0d0f5238ffcb5"
    integrity sha1-s12sN2R5+sw+lHR9QdDQ9SOP/LU=
    dependencies:
      restore-cursor "^2.0.0"
  
  cli-table@~0.3.1:
    version "0.3.1"
    resolved "https://registry.yarnpkg.com/cli-table/-/cli-table-0.3.1.tgz#f53b05266a8b1a0b934b3d0821e6e2dc5914ae23"
    integrity sha1-9TsFJmqLGguTSz0IIebi3FkUriM=
    dependencies:
      colors "1.0.3"
  
  cli-width@^2.0.0:
    version "2.2.0"
    resolved "https://registry.yarnpkg.com/cli-width/-/cli-width-2.2.0.tgz#ff19ede8a9a5e579324147b0c11f0fbcbabed639"
    integrity sha1-/xnt6Kml5XkyQUewwR8PvLq+1jk=
  
  color-convert@^1.9.0:
    version "1.9.3"
    resolved "https://registry.yarnpkg.com/color-convert/-/color-convert-1.9.3.tgz#bb71850690e1f136567de629d2d5471deda4c1e8"
    integrity sha512-QfAUtd+vFdAtFQcC8CCyYt1fYWxSqAiK2cSD6zDB8N3cpsEBAvRxp9zOGg6G/SHHJYAT88/az/IuDGALsNVbGg==
    dependencies:
      color-name "1.1.3"
  
  color-name@1.1.3:
    version "1.1.3"
    resolved "https://registry.yarnpkg.com/color-name/-/color-name-1.1.3.tgz#a7d0558bd89c42f795dd42328f740831ca53bc25"
    integrity sha1-p9BVi9icQveV3UIyj3QIMcpTvCU=
  
  colors@1.0.3:
    version "1.0.3"
    resolved "https://registry.yarnpkg.com/colors/-/colors-1.0.3.tgz#0433f44d809680fdeb60ed260f1b0c262e82a40b"
    integrity sha1-BDP0TYCWgP3rYO0mDxsMJi6CpAs=
  
  colors@~1.2.1:
    version "1.2.5"
    resolved "https://registry.yarnpkg.com/colors/-/colors-1.2.5.tgz#89c7ad9a374bc030df8013241f68136ed8835afc"
    integrity sha512-erNRLao/Y3Fv54qUa0LBB+//Uf3YwMUmdJinN20yMXm9zdKKqH9wt7R9IIVZ+K7ShzfpLV/Zg8+VyrBJYB4lpg==
  
  commander@^2.7.1:
    version "2.20.3"
    resolved "https://registry.yarnpkg.com/commander/-/commander-2.20.3.tgz#fd485e84c03eb4881c20722ba48035e8531aeb33"
    integrity sha512-GpVkmM8vF2vQUkj2LvZmD35JxeJOLCwJ9cUkugyk2nuhbv3+mJvpLYYt+0+USMxE+oj+ey/lJEnhZw75x/OMcQ==
  
  concat-map@0.0.1:
    version "0.0.1"
    resolved "https://registry.yarnpkg.com/concat-map/-/concat-map-0.0.1.tgz#d8a96bd77fd68df7793a73036a3ba0d5405d477b"
    integrity sha1-2Klr13/Wjfd5OnMDajug1UBdR3s=
  
  debug@^3.1.0:
    version "3.2.6"
    resolved "https://registry.yarnpkg.com/debug/-/debug-3.2.6.tgz#e83d17de16d8a7efb7717edbe5fb10135eee629b"
    integrity sha512-mel+jf7nrtEl5Pn1Qx46zARXKDpBbvzezse7p7LqINmdoIk8PYP5SySaxEmYv6TZ0JyEKA1hsCId6DIhgITtWQ==
    dependencies:
      ms "^2.1.1"
  
  debuglog@^1.0.1:
    version "1.0.1"
    resolved "https://registry.yarnpkg.com/debuglog/-/debuglog-1.0.1.tgz#aa24ffb9ac3df9a2351837cfb2d279360cd78492"
    integrity sha1-qiT/uaw9+aI1GDfPstJ5NgzXhJI=
  
  detect-indent@6.0.0, detect-indent@^6.0.0:
    version "6.0.0"
    resolved "https://registry.yarnpkg.com/detect-indent/-/detect-indent-6.0.0.tgz#0abd0f549f69fc6659a254fe96786186b6f528fd"
    integrity sha512-oSyFlqaTHCItVRGK5RmrmjB+CmaMOW7IaNA/kdxqhoa6d17j/5ce9O9eWXmV/KEdRwqpQA+Vqe8a8Bsybu4YnA==
  
  dezalgo@^1.0.0:
    version "1.0.3"
    resolved "https://registry.yarnpkg.com/dezalgo/-/dezalgo-1.0.3.tgz#7f742de066fc748bc8db820569dddce49bf0d456"
    integrity sha1-f3Qt4Gb8dIvI24IFad3c5Jvw1FY=
    dependencies:
      asap "^2.0.0"
      wrappy "1"
  
  error-ex@^1.3.1:
    version "1.3.2"
    resolved "https://registry.yarnpkg.com/error-ex/-/error-ex-1.3.2.tgz#b4ac40648107fdcdcfae242f428bea8a14d4f1bf"
    integrity sha512-7dFHNmqeFSEt2ZBsCriorKnn3Z2pj+fd9kmI6QoWw4//DL+icEBfc0U7qJCisqrTsKTjw4fNFy2pW9OqStD84g==
    dependencies:
      is-arrayish "^0.2.1"
  
  es6-promise@^4.0.3:
    version "4.2.8"
    resolved "https://registry.yarnpkg.com/es6-promise/-/es6-promise-4.2.8.tgz#4eb21594c972bc40553d276e510539143db53e0a"
    integrity sha512-HJDGx5daxeIvxdBxvG2cb9g4tEvwIk3i8+nhX0yGrYmZUzbkdg8QbDevheDB8gd0//uPj4c1EQua8Q+MViT0/w==
  
  es6-promisify@^5.0.0:
    version "5.0.0"
    resolved "https://registry.yarnpkg.com/es6-promisify/-/es6-promisify-5.0.0.tgz#5109d62f3e56ea967c4b63505aef08291c8a5203"
    integrity sha1-UQnWLz5W6pZ8S2NQWu8IKRyKUgM=
    dependencies:
      es6-promise "^4.0.3"
  
  escape-string-regexp@^1.0.5:
    version "1.0.5"
    resolved "https://registry.yarnpkg.com/escape-string-regexp/-/escape-string-regexp-1.0.5.tgz#1b61c0562190a8dff6ae3bb2cf0200ca130b86d4"
    integrity sha1-G2HAViGQqN/2rjuyzwIAyhMLhtQ=
  
  esprima@^4.0.0:
    version "4.0.1"
    resolved "https://registry.yarnpkg.com/esprima/-/esprima-4.0.1.tgz#13b04cdb3e6c5d19df91ab6987a8695619b0aa71"
    integrity sha512-eGuFFw7Upda+g4p+QHvnW0RyTX/SVeJBDM/gCtMARO0cLuT2HcEKnTPvhjV6aGeqrCB/sbNop0Kszm0jsaWU4A==
  
  esutils@^2.0.2:
    version "2.0.3"
    resolved "https://registry.yarnpkg.com/esutils/-/esutils-2.0.3.tgz#74d2eb4de0b8da1293711910d50775b9b710ef64"
    integrity sha512-kVscqXk4OCp68SZ0dkgEKVi6/8ij300KBWTJq32P/dYeWTSwK41WyTxalN1eRmA5Z9UU/LX9D7FWSmV9SAYx6g==
  
  external-editor@^3.0.3:
    version "3.1.0"
    resolved "https://registry.yarnpkg.com/external-editor/-/external-editor-3.1.0.tgz#cb03f740befae03ea4d283caed2741a83f335495"
    integrity sha512-hMQ4CX1p1izmuLYyZqLMO/qGNw10wSv9QDCPfzXfyFrOaCSSoRfqE1Kf1s5an66J5JZC62NewG+mK49jOCtQew==
    dependencies:
      chardet "^0.7.0"
      iconv-lite "^0.4.24"
      tmp "^0.0.33"
  
  fast-deep-equal@3.1.1:
    version "3.1.1"
    resolved "https://registry.yarnpkg.com/fast-deep-equal/-/fast-deep-equal-3.1.1.tgz#545145077c501491e33b15ec408c294376e94ae4"
    integrity sha512-8UEa58QDLauDNfpbrX55Q9jrGHThw2ZMdOky5Gl1CDtVeJDPVrG4Jxx1N8jw2gkWaff5UUuX1KJd+9zGe2B+ZA==
  
  figures@^2.0.0:
    version "2.0.0"
    resolved "https://registry.yarnpkg.com/figures/-/figures-2.0.0.tgz#3ab1a2d2a62c8bfb431a0c94cb797a2fce27c962"
    integrity sha1-OrGi0qYsi/tDGgyUy3l6L84nyWI=
    dependencies:
      escape-string-regexp "^1.0.5"
  
  fs-extra@~7.0.1:
    version "7.0.1"
    resolved "https://registry.yarnpkg.com/fs-extra/-/fs-extra-7.0.1.tgz#4f189c44aa123b895f722804f55ea23eadc348e9"
    integrity sha512-YJDaCJZEnBmcbw13fvdAM9AwNOJwOzrE4pqMqBq5nFiEqXUqHwlK4B+3pUw6JNvfSPtX05xFHtYy/1ni01eGCw==
    dependencies:
      graceful-fs "^4.1.2"
      jsonfile "^4.0.0"
      universalify "^0.1.0"
  
  fs-minipass@^1.2.5:
    version "1.2.7"
    resolved "https://registry.yarnpkg.com/fs-minipass/-/fs-minipass-1.2.7.tgz#ccff8570841e7fe4265693da88936c55aed7f7c7"
    integrity sha512-GWSSJGFy4e9GUeCcbIkED+bgAoFyj7XF1mV8rma3QW4NIqX9Kyx79N/PF61H5udOV3aY1IaMLs6pGbH71nlCTA==
    dependencies:
      minipass "^2.6.0"
  
  fs.realpath@^1.0.0:
    version "1.0.0"
    resolved "https://registry.yarnpkg.com/fs.realpath/-/fs.realpath-1.0.0.tgz#1504ad2523158caa40db4a2787cb01411994ea4f"
    integrity sha1-FQStJSMVjKpA20onh8sBQRmU6k8=
  
  git-repo-info@~2.1.0:
    version "2.1.1"
    resolved "https://registry.yarnpkg.com/git-repo-info/-/git-repo-info-2.1.1.tgz#220ffed8cbae74ef8a80e3052f2ccb5179aed058"
    integrity sha512-8aCohiDo4jwjOwma4FmYFd3i97urZulL8XL24nIPxuE+GZnfsAyy/g2Shqx6OjUiFKUXZM+Yy+KHnOmmA3FVcg==
  
  glob-escape@~0.0.1:
    version "0.0.2"
    resolved "https://registry.yarnpkg.com/glob-escape/-/glob-escape-0.0.2.tgz#9c27f7821ed1c1377582f3efd9558e3f675628ed"
    integrity sha1-nCf3gh7RwTd1gvPv2VWOP2dWKO0=
  
  glob@^7.1.1:
    version "7.1.6"
    resolved "https://registry.yarnpkg.com/glob/-/glob-7.1.6.tgz#141f33b81a7c2492e125594307480c46679278a6"
    integrity sha512-LwaxwyZ72Lk7vZINtNNrywX0ZuLyStrdDtabefZKAY5ZGJhVtgdznluResxNmPitE0SAO+O26sWTHeKSI2wMBA==
    dependencies:
      fs.realpath "^1.0.0"
      inflight "^1.0.4"
      inherits "2"
      minimatch "^3.0.4"
      once "^1.3.0"
      path-is-absolute "^1.0.0"
  
  glob@~7.0.5:
    version "7.0.6"
    resolved "https://registry.yarnpkg.com/glob/-/glob-7.0.6.tgz#211bafaf49e525b8cd93260d14ab136152b3f57a"
    integrity sha1-IRuvr0nlJbjNkyYNFKsTYVKz9Xo=
    dependencies:
      fs.realpath "^1.0.0"
      inflight "^1.0.4"
      inherits "2"
      minimatch "^3.0.2"
      once "^1.3.0"
      path-is-absolute "^1.0.0"
  
  graceful-fs@4.2.1:
    version "4.2.1"
    resolved "https://registry.yarnpkg.com/graceful-fs/-/graceful-fs-4.2.1.tgz#1c1f0c364882c868f5bff6512146328336a11b1d"
    integrity sha512-b9usnbDGnD928gJB3LrCmxoibr3VE4U2SMo5PBuBnokWyDADTqDPXg4YpwKF1trpH+UbGp7QLicO3+aWEy0+mw==
  
  graceful-fs@4.2.3, graceful-fs@^4.1.11, graceful-fs@^4.1.15, graceful-fs@^4.1.2, graceful-fs@^4.1.5, graceful-fs@^4.1.6:
    version "4.2.3"
    resolved "https://registry.yarnpkg.com/graceful-fs/-/graceful-fs-4.2.3.tgz#4a12ff1b60376ef09862c2093edd908328be8423"
    integrity sha512-a30VEBm4PEdx1dRB7MFK7BejejvCvBronbLjht+sHuGYj8PHs7M/5Z+rt5lw551vZ7yfTCj4Vuyy3mSJytDWRQ==
  
  has-flag@^3.0.0:
    version "3.0.0"
    resolved "https://registry.yarnpkg.com/has-flag/-/has-flag-3.0.0.tgz#b5d454dc2199ae225699f3467e5a07f3b955bafd"
    integrity sha1-tdRU3CGZriJWmfNGfloH87lVuv0=
  
  hosted-git-info@^2.1.4, hosted-git-info@^2.7.1:
    version "2.8.5"
    resolved "https://registry.yarnpkg.com/hosted-git-info/-/hosted-git-info-2.8.5.tgz#759cfcf2c4d156ade59b0b2dfabddc42a6b9c70c"
    integrity sha512-kssjab8CvdXfcXMXVcvsXum4Hwdq9XGtRD3TteMEvEbq0LXyiNQr6AprqKqfeaDXze7SxWvRxdpwE6ku7ikLkg==
  
  https-proxy-agent@~2.2.1:
    version "2.2.4"
    resolved "https://registry.yarnpkg.com/https-proxy-agent/-/https-proxy-agent-2.2.4.tgz#4ee7a737abd92678a293d9b34a1af4d0d08c787b"
    integrity sha512-OmvfoQ53WLjtA9HeYP9RNrWMJzzAz1JGaSFr1nijg0PVR1JaD/xbJq1mdEIIlxGpXp9eSe/O2LgU9DJmTPd0Eg==
    dependencies:
      agent-base "^4.3.0"
      debug "^3.1.0"
  
  iconv-lite@^0.4.24:
    version "0.4.24"
    resolved "https://registry.yarnpkg.com/iconv-lite/-/iconv-lite-0.4.24.tgz#2022b4b25fbddc21d2f524974a474aafe733908b"
    integrity sha512-v3MXnZAcvnywkTUEZomIActle7RXXeedOR31wwl7VlyoXO4Qi9arvSenNQWne1TcRwhCL1HwLI21bEqdpj8/rA==
    dependencies:
      safer-buffer ">= 2.1.2 < 3"
  
  imurmurhash@^0.1.4:
    version "0.1.4"
    resolved "https://registry.yarnpkg.com/imurmurhash/-/imurmurhash-0.1.4.tgz#9218b9b2b928a238b13dc4fb6b6d576f231453ea"
    integrity sha1-khi5srkoojixPcT7a21XbyMUU+o=
  
  inflight@^1.0.4:
    version "1.0.6"
    resolved "https://registry.yarnpkg.com/inflight/-/inflight-1.0.6.tgz#49bd6331d7d02d0c09bc910a1075ba8165b56df9"
    integrity sha1-Sb1jMdfQLQwJvJEKEHW6gWW1bfk=
    dependencies:
      once "^1.3.0"
      wrappy "1"
  
  inherits@2:
    version "2.0.4"
    resolved "https://registry.yarnpkg.com/inherits/-/inherits-2.0.4.tgz#0fa2c64f932917c3433a0ded55363aae37416b7c"
    integrity sha512-k/vGaX4/Yla3WzyMCvTQOXYeIHvqOKtnqBduzTHpzpQZzAskKMhZ2K+EnBiSM9zGSoIFeMpXKxa4dYeZIQqewQ==
  
  inquirer@~6.2.0:
    version "6.2.2"
    resolved "https://registry.yarnpkg.com/inquirer/-/inquirer-6.2.2.tgz#46941176f65c9eb20804627149b743a218f25406"
    integrity sha512-Z2rREiXA6cHRR9KBOarR3WuLlFzlIfAEIiB45ll5SSadMg7WqOh1MKEjjndfuH5ewXdixWCxqnVfGOQzPeiztA==
    dependencies:
      ansi-escapes "^3.2.0"
      chalk "^2.4.2"
      cli-cursor "^2.1.0"
      cli-width "^2.0.0"
      external-editor "^3.0.3"
      figures "^2.0.0"
      lodash "^4.17.11"
      mute-stream "0.0.7"
      run-async "^2.2.0"
      rxjs "^6.4.0"
      string-width "^2.1.0"
      strip-ansi "^5.0.0"
      through "^2.3.6"
  
  is-arrayish@^0.2.1:
    version "0.2.1"
    resolved "https://registry.yarnpkg.com/is-arrayish/-/is-arrayish-0.2.1.tgz#77c99840527aa8ecb1a8ba697b80645a7a926a9d"
    integrity sha1-d8mYQFJ6qOyxqLppe4BkWnqSap0=
  
  is-fullwidth-code-point@^2.0.0:
    version "2.0.0"
    resolved "https://registry.yarnpkg.com/is-fullwidth-code-point/-/is-fullwidth-code-point-2.0.0.tgz#a3b30a5c4f199183167aaab93beefae3ddfb654f"
    integrity sha1-o7MKXE8ZkYMWeqq5O+764937ZU8=
  
  is-plain-obj@^2.0.0:
    version "2.1.0"
    resolved "https://registry.yarnpkg.com/is-plain-obj/-/is-plain-obj-2.1.0.tgz#45e42e37fccf1f40da8e5f76ee21515840c09287"
    integrity sha512-YWnfyRwxL/+SsrWYfOpUtz5b3YD+nyfkHvjbcanzk8zgyO4ASD67uVMRt8k5bM4lLMDnXfriRhOpemw+NfT1eA==
  
  is-promise@^2.1.0:
    version "2.1.0"
    resolved "https://registry.yarnpkg.com/is-promise/-/is-promise-2.1.0.tgz#79a2a9ece7f096e80f36d2b2f3bc16c1ff4bf3fa"
    integrity sha1-eaKp7OfwlugPNtKy87wWwf9L8/o=
  
  is-subdir@1.1.1:
    version "1.1.1"
    resolved "https://registry.yarnpkg.com/is-subdir/-/is-subdir-1.1.1.tgz#423e66902f9c5f159b9cc4826c820df083059538"
    integrity sha512-VYpq0S7gPBVkkmfwkvGnx1EL9UVIo87NQyNcgMiNUdQCws3CJm5wj2nB+XPL7zigvjxhuZgp3bl2yBcKkSIj1w==
    dependencies:
      better-path-resolve "1.0.0"
  
  is-windows@1.0.2, is-windows@^1.0.0, is-windows@^1.0.2:
    version "1.0.2"
    resolved "https://registry.yarnpkg.com/is-windows/-/is-windows-1.0.2.tgz#d1850eb9791ecd18e6182ce12a30f396634bb19d"
    integrity sha512-eXK1UInq2bPmjyX6e3VHIzMLobc4J94i4AWn+Hpq3OU5KkrRC96OAcR3PRJ/pGu6m8TRnBHP9dkXQVsT/COVIA==
  
  jju@~1.4.0:
    version "1.4.0"
    resolved "https://registry.yarnpkg.com/jju/-/jju-1.4.0.tgz#a3abe2718af241a2b2904f84a625970f389ae32a"
    integrity sha1-o6vicYryQaKykE+EpiWXDzia4yo=
  
  js-tokens@^4.0.0:
    version "4.0.0"
    resolved "https://registry.yarnpkg.com/js-tokens/-/js-tokens-4.0.0.tgz#19203fb59991df98e3a287050d4647cdeaf32499"
    integrity sha512-RdJUflcE3cUzKiMqQgsCu06FPu9UdIJO0beYbPhHN4k6apgJtifcoCtT9bcxOpYBtpD2kCM6Sbzg4CausW/PKQ==
  
  js-yaml@^3.6.1, js-yaml@^3.8.1, js-yaml@~3.13.1:
    version "3.13.1"
    resolved "https://registry.yarnpkg.com/js-yaml/-/js-yaml-3.13.1.tgz#aff151b30bfdfa8e49e05da22e7415e9dfa37847"
    integrity sha512-YfbcO7jXDdyj0DGxYVSlSeQNHbD7XPWvrVWeVUujrQEoZzWJIRrCPoyk6kL6IAjAG2IolMK4T0hNUe0HOUs5Jw==
    dependencies:
      argparse "^1.0.7"
      esprima "^4.0.0"
  
  json-parse-better-errors@^1.0.1:
    version "1.0.2"
    resolved "https://registry.yarnpkg.com/json-parse-better-errors/-/json-parse-better-errors-1.0.2.tgz#bb867cfb3450e69107c131d1c514bab3dc8bcaa9"
    integrity sha512-mrqyZKfX5EhL7hvqcV6WG1yYjnjeuYDzDhhcAAUrq8Po85NBQBJP+ZDUT75qZQ98IkUoBqdkExkukOU7Ts2wrw==
  
  json5@2.1.1, json5@^2.0.0:
    version "2.1.1"
    resolved "https://registry.yarnpkg.com/json5/-/json5-2.1.1.tgz#81b6cb04e9ba496f1c7005d07b4368a2638f90b6"
    integrity sha512-l+3HXD0GEI3huGq1njuqtzYK8OYJyXMkOLtQ53pjWh89tvWS2h6l+1zMkYWqlb57+SiQodKZyvMEFb2X+KrFhQ==
    dependencies:
      minimist "^1.2.0"
  
  jsonfile@^4.0.0:
    version "4.0.0"
    resolved "https://registry.yarnpkg.com/jsonfile/-/jsonfile-4.0.0.tgz#8771aae0799b64076b76640fca058f9c10e33ecb"
    integrity sha1-h3Gq4HmbZAdrdmQPygWPnBDjPss=
    optionalDependencies:
      graceful-fs "^4.1.6"
  
  lines-and-columns@^1.1.6:
    version "1.1.6"
    resolved "https://registry.yarnpkg.com/lines-and-columns/-/lines-and-columns-1.1.6.tgz#1c00c743b433cd0a4e80758f7b64a57440d9ff00"
    integrity sha1-HADHQ7QzzQpOgHWPe2SldEDZ/wA=
  
  lodash.get@^4.0.0:
    version "4.4.2"
    resolved "https://registry.yarnpkg.com/lodash.get/-/lodash.get-4.4.2.tgz#2d177f652fa31e939b4438d5341499dfa3825e99"
    integrity sha1-LRd/ZS+jHpObRDjVNBSZ36OCXpk=
  
  lodash.isequal@^4.0.0:
    version "4.5.0"
    resolved "https://registry.yarnpkg.com/lodash.isequal/-/lodash.isequal-4.5.0.tgz#415c4478f2bcc30120c22ce10ed3226f7d3e18e0"
    integrity sha1-QVxEePK8wwEgwizhDtMib30+GOA=
  
  lodash@^4.17.11, lodash@~4.17.15:
    version "4.17.15"
    resolved "https://registry.yarnpkg.com/lodash/-/lodash-4.17.15.tgz#b447f6670a0455bbfeedd11392eff330ea097548"
    integrity sha512-8xOcRHvCjnocdS5cpwXQXVzmmh5e5+saE2QGoeQmbKmRS6J3VQppPOIt0MnmE+4xlZoumy0GPG0D0MVIQbNA1A==
  
  make-dir@3.0.0, make-dir@^3.0.0:
    version "3.0.0"
    resolved "https://registry.yarnpkg.com/make-dir/-/make-dir-3.0.0.tgz#1b5f39f6b9270ed33f9f054c5c0f84304989f801"
    integrity sha512-grNJDhb8b1Jm1qeqW5R/O63wUo4UXo2v2HMic6YT9i/HBlF93S8jkMgH7yugvY9ABDShH4VZMn8I+U8+fCNegw==
    dependencies:
      semver "^6.0.0"
  
  mimic-fn@^1.0.0:
    version "1.2.0"
    resolved "https://registry.yarnpkg.com/mimic-fn/-/mimic-fn-1.2.0.tgz#820c86a39334640e99516928bd03fca88057d022"
    integrity sha512-jf84uxzwiuiIVKiOLpfYk7N46TSy8ubTonmneY9vrpHNAnp0QBt2BxWV9dO3/j+BoVAb+a5G6YDPW3M5HOdMWQ==
  
  minimatch@^3.0.2, minimatch@^3.0.4, minimatch@~3.0.2:
    version "3.0.4"
    resolved "https://registry.yarnpkg.com/minimatch/-/minimatch-3.0.4.tgz#5166e286457f03306064be5497e8dbb0c3d32083"
    integrity sha512-yJHVQEhyqPLUTgt9B83PXu6W3rx4MvvHvSUvToogpwoGDOUQ+yDrR0HRot+yOCdCO7u4hX3pWft6kWBBcqh0UA==
    dependencies:
      brace-expansion "^1.1.7"
  
  minimist@0.0.8:
    version "0.0.8"
    resolved "https://registry.yarnpkg.com/minimist/-/minimist-0.0.8.tgz#857fcabfc3397d2625b8228262e86aa7a011b05d"
    integrity sha1-hX/Kv8M5fSYluCKCYuhqp6ARsF0=
  
  minimist@^1.2.0:
    version "1.2.0"
    resolved "https://registry.yarnpkg.com/minimist/-/minimist-1.2.0.tgz#a35008b20f41383eec1fb914f4cd5df79a264284"
    integrity sha1-o1AIsg9BOD7sH7kU9M1d95omQoQ=
  
  minipass@^2.6.0, minipass@^2.8.6, minipass@^2.9.0:
    version "2.9.0"
    resolved "https://registry.yarnpkg.com/minipass/-/minipass-2.9.0.tgz#e713762e7d3e32fed803115cf93e04bca9fcc9a6"
    integrity sha512-wxfUjg9WebH+CUDX/CdbRlh5SmfZiy/hpkxaRI16Y9W56Pa75sWgd/rvFilSgrauD9NyFymP/+JFV3KwzIsJeg==
    dependencies:
      safe-buffer "^5.1.2"
      yallist "^3.0.0"
  
  minizlib@^1.2.1:
    version "1.3.3"
    resolved "https://registry.yarnpkg.com/minizlib/-/minizlib-1.3.3.tgz#2290de96818a34c29551c8a8d301216bd65a861d"
    integrity sha512-6ZYMOEnmVsdCeTJVE0W9ZD+pVnE8h9Hma/iOwwRDsdQoePpoX56/8B6z3P9VNwppJuBKNRuFDRNRqRWexT9G9Q==
    dependencies:
      minipass "^2.9.0"
  
  mkdirp@^0.5.0:
    version "0.5.1"
    resolved "https://registry.yarnpkg.com/mkdirp/-/mkdirp-0.5.1.tgz#30057438eac6cf7f8c4767f38648d6697d75c903"
    integrity sha1-MAV0OOrGz3+MR2fzhkjWaX11yQM=
    dependencies:
      minimist "0.0.8"
  
  ms@^2.1.1:
    version "2.1.2"
    resolved "https://registry.yarnpkg.com/ms/-/ms-2.1.2.tgz#d09d1f357b443f493382a8eb3ccd183872ae6009"
    integrity sha512-sGkPx+VjMtmA6MX27oA4FBFELFCZZ4S4XqeGOXCv68tT+jb3vk/RyaKWP0PTKyWtmLSM0b+adUTEvbs1PEaH2w==
  
  mute-stream@0.0.7:
    version "0.0.7"
    resolved "https://registry.yarnpkg.com/mute-stream/-/mute-stream-0.0.7.tgz#3075ce93bc21b8fab43e1bc4da7e8115ed1e7bab"
    integrity sha1-MHXOk7whuPq0PhvE2n6BFe0ee6s=
  
  mz@2.7.0:
    version "2.7.0"
    resolved "https://registry.yarnpkg.com/mz/-/mz-2.7.0.tgz#95008057a56cafadc2bc63dde7f9ff6955948e32"
    integrity sha512-z81GNO7nnYMEhrGh9LeymoE4+Yr0Wn5McHIZMK5cfQCl+NDX08sCZgUc9/6MHni9IWuFLm1Z3HTCXu2z9fN62Q==
    dependencies:
      any-promise "^1.0.0"
      object-assign "^4.0.1"
      thenify-all "^1.0.0"
  
  node-fetch@~2.1.2:
    version "2.1.2"
    resolved "https://registry.yarnpkg.com/node-fetch/-/node-fetch-2.1.2.tgz#ab884e8e7e57e38a944753cec706f788d1768bb5"
    integrity sha1-q4hOjn5X44qUR1POxwb3iNF2i7U=
  
  normalize-package-data@^2.0.0:
    version "2.5.0"
    resolved "https://registry.yarnpkg.com/normalize-package-data/-/normalize-package-data-2.5.0.tgz#e66db1838b200c1dfc233225d12cb36520e234a8"
    integrity sha512-/5CMN3T0R4XTj4DcGaexo+roZSdSFW/0AOOTROrjxzCG1wrWXEsGbRKevjlIL+ZDE4sZlJr5ED4YW0yqmkK+eA==
    dependencies:
      hosted-git-info "^2.1.4"
      resolve "^1.10.0"
      semver "2 || 3 || 4 || 5"
      validate-npm-package-license "^3.0.1"
  
  normalize-path@3.0.0:
    version "3.0.0"
    resolved "https://registry.yarnpkg.com/normalize-path/-/normalize-path-3.0.0.tgz#0dcd69ff23a1c9b11fd0978316644a0388216a65"
    integrity sha512-6eZs5Ls3WtCisHWp9S2GUy8dqkpGi4BVSz3GaqiE6ezub0512ESztXUwUB6C6IKbQkY2Pnb/mD4WYojCRwcwLA==
  
  npm-normalize-package-bin@^1.0.0:
    version "1.0.1"
    resolved "https://registry.yarnpkg.com/npm-normalize-package-bin/-/npm-normalize-package-bin-1.0.1.tgz#6e79a41f23fd235c0623218228da7d9c23b8f6e2"
    integrity sha512-EPfafl6JL5/rU+ot6P3gRSCpPDW5VmIzX959Ob1+ySFUuuYHWHekXpwdUZcKP5C+DS4GEtdJluwBjnsNDl+fSA==
  
  npm-package-arg@~6.1.0:
    version "6.1.1"
    resolved "https://registry.yarnpkg.com/npm-package-arg/-/npm-package-arg-6.1.1.tgz#02168cb0a49a2b75bf988a28698de7b529df5cb7"
    integrity sha512-qBpssaL3IOZWi5vEKUKW0cO7kzLeT+EQO9W8RsLOZf76KF9E/K9+wH0C7t06HXPpaH8WH5xF1MExLuCwbTqRUg==
    dependencies:
      hosted-git-info "^2.7.1"
      osenv "^0.1.5"
      semver "^5.6.0"
      validate-npm-package-name "^3.0.0"
  
  object-assign@^4.0.1:
    version "4.1.1"
    resolved "https://registry.yarnpkg.com/object-assign/-/object-assign-4.1.1.tgz#2109adc7965887cfc05cbbd442cac8bfbb360863"
    integrity sha1-IQmtx5ZYh8/AXLvUQsrIv7s2CGM=
  
  once@^1.3.0:
    version "1.4.0"
    resolved "https://registry.yarnpkg.com/once/-/once-1.4.0.tgz#583b1aa775961d4b113ac17d9c50baef9dd76bd1"
    integrity sha1-WDsap3WWHUsROsF9nFC6753Xa9E=
    dependencies:
      wrappy "1"
  
  onetime@^2.0.0:
    version "2.0.1"
    resolved "https://registry.yarnpkg.com/onetime/-/onetime-2.0.1.tgz#067428230fd67443b2794b22bba528b6867962d4"
    integrity sha1-BnQoIw/WdEOyeUsiu6UotoZ5YtQ=
    dependencies:
      mimic-fn "^1.0.0"
  
  os-homedir@^1.0.0:
    version "1.0.2"
    resolved "https://registry.yarnpkg.com/os-homedir/-/os-homedir-1.0.2.tgz#ffbc4988336e0e833de0c168c7ef152121aa7fb3"
    integrity sha1-/7xJiDNuDoM94MFox+8VISGqf7M=
  
  os-tmpdir@^1.0.0, os-tmpdir@~1.0.2:
    version "1.0.2"
    resolved "https://registry.yarnpkg.com/os-tmpdir/-/os-tmpdir-1.0.2.tgz#bbe67406c79aa85c5cfec766fe5734555dfa1274"
    integrity sha1-u+Z0BseaqFxc/sdm/lc0VV36EnQ=
  
  osenv@^0.1.5:
    version "0.1.5"
    resolved "https://registry.yarnpkg.com/osenv/-/osenv-0.1.5.tgz#85cdfafaeb28e8677f416e287592b5f3f49ea410"
    integrity sha512-0CWcCECdMVc2Rw3U5w9ZjqX6ga6ubk1xDVKxtBQPK7wis/0F2r9T6k4ydGYhecl7YUBxBVxhL5oisPsNxAPe2g==
    dependencies:
      os-homedir "^1.0.0"
      os-tmpdir "^1.0.0"
  
  p-filter@2.1.0:
    version "2.1.0"
    resolved "https://registry.yarnpkg.com/p-filter/-/p-filter-2.1.0.tgz#1b1472562ae7a0f742f0f3d3d3718ea66ff9c09c"
    integrity sha512-ZBxxZ5sL2HghephhpGAQdoskxplTwr7ICaehZwLIlfL6acuVgZPm8yBNuRAFBGEqtD/hmUeq9eqLg2ys9Xr/yw==
    dependencies:
      p-map "^2.0.0"
  
  p-limit@^2.2.0:
    version "2.2.2"
    resolved "https://registry.yarnpkg.com/p-limit/-/p-limit-2.2.2.tgz#61279b67721f5287aa1c13a9a7fbbc48c9291b1e"
    integrity sha512-WGR+xHecKTr7EbUEhyLSh5Dube9JtdiG78ufaeLxTgpudf/20KqyMioIUZJAezlTIi6evxuoUs9YXc11cU+yzQ==
    dependencies:
      p-try "^2.0.0"
  
  p-map@^2.0.0:
    version "2.1.0"
    resolved "https://registry.yarnpkg.com/p-map/-/p-map-2.1.0.tgz#310928feef9c9ecc65b68b17693018a665cea175"
    integrity sha512-y3b8Kpd8OAN444hxfBbFfj1FY/RjtTd8tzYwhUqNYXx0fXx2iX4maP4Qr6qhIKbQXI02wTLAda4fYUbDagTUFw==
  
  p-reflect@^2.0.0:
    version "2.1.0"
    resolved "https://registry.yarnpkg.com/p-reflect/-/p-reflect-2.1.0.tgz#5d67c7b3c577c4e780b9451fc9129675bd99fe67"
    integrity sha512-paHV8NUz8zDHu5lhr/ngGWQiW067DK/+IbJ+RfZ4k+s8y4EKyYCz8pGYWjxCg35eHztpJAt+NUgvN4L+GCbPlg==
  
  p-settle@3.1.0:
    version "3.1.0"
    resolved "https://registry.yarnpkg.com/p-settle/-/p-settle-3.1.0.tgz#6194f4f929364a8843be54ced118389b7b9ee017"
    integrity sha512-gkN3UDlyofG81IRhxLnonSIi8BBrwcPlKMJS6tcJRubofyekqQPMdB5LXPrmCkeu/m/YKx5PzkUVQLezda5/JQ==
    dependencies:
      p-limit "^2.2.0"
      p-reflect "^2.0.0"
  
  p-try@^2.0.0:
    version "2.2.0"
    resolved "https://registry.yarnpkg.com/p-try/-/p-try-2.2.0.tgz#cb2868540e313d61de58fafbe35ce9004d5540e6"
    integrity sha512-R4nPAVTAU0B9D35/Gk3uJf/7XYbQcyohSKdvAxIRSNghFl4e71hVoGnBNQz9cWaXxO2I10KTC+3jMdvvoKw6dQ==
  
  parse-json@5.0.0:
    version "5.0.0"
    resolved "https://registry.yarnpkg.com/parse-json/-/parse-json-5.0.0.tgz#73e5114c986d143efa3712d4ea24db9a4266f60f"
    integrity sha512-OOY5b7PAEFV0E2Fir1KOkxchnZNCdowAJgQ5NuxjpBKTRP3pQhwkrkxqQjeoKJ+fO7bCpmIZaogI4eZGDMEGOw==
    dependencies:
      "@babel/code-frame" "^7.0.0"
      error-ex "^1.3.1"
      json-parse-better-errors "^1.0.1"
      lines-and-columns "^1.1.6"
  
  path-is-absolute@^1.0.0:
    version "1.0.1"
    resolved "https://registry.yarnpkg.com/path-is-absolute/-/path-is-absolute-1.0.1.tgz#174b9268735534ffbc7ace6bf53a5a9e1b5c5f5f"
    integrity sha1-F0uSaHNVNP+8es5r9TpanhtcX18=
  
  path-parse@^1.0.6:
    version "1.0.6"
    resolved "https://registry.yarnpkg.com/path-parse/-/path-parse-1.0.6.tgz#d62dbb5679405d72c4737ec58600e9ddcf06d24c"
    integrity sha512-GSmOT2EbHrINBf9SR7CDELwlJ8AENk3Qn7OikK4nFYAu3Ote2+JYNVvkpAEQm3/TLNEJFD/xZJjzyxg3KBWOzw==
  
  pify@^4.0.0, pify@^4.0.1:
    version "4.0.1"
    resolved "https://registry.yarnpkg.com/pify/-/pify-4.0.1.tgz#4b2cd25c50d598735c50292224fd8c6df41e3231"
    integrity sha512-uB80kBFb/tfd68bVleG9T5GGsGPjJrLAUpR5PZIrhBnIaRTQRjqdJSsIKkOP6OAIFbj7GOrcudc5pNjZ+geV2g==
  
  ramda@0.27.0:
    version "0.27.0"
    resolved "https://registry.yarnpkg.com/ramda/-/ramda-0.27.0.tgz#915dc29865c0800bf3f69b8fd6c279898b59de43"
    integrity sha512-pVzZdDpWwWqEVVLshWUHjNwuVP7SfcmPraYuqocJp1yo2U1R7P+5QAfDhdItkuoGqIBnBYrtPp7rEPqDn9HlZA==
  
  read-package-json@2.1.1, read-package-json@^2.0.0:
    version "2.1.1"
    resolved "https://registry.yarnpkg.com/read-package-json/-/read-package-json-2.1.1.tgz#16aa66c59e7d4dad6288f179dd9295fd59bb98f1"
    integrity sha512-dAiqGtVc/q5doFz6096CcnXhpYk0ZN8dEKVkGLU0CsASt8SrgF6SF7OTKAYubfvFhWaqofl+Y8HK19GR8jwW+A==
    dependencies:
      glob "^7.1.1"
      json-parse-better-errors "^1.0.1"
      normalize-package-data "^2.0.0"
      npm-normalize-package-bin "^1.0.0"
    optionalDependencies:
      graceful-fs "^4.1.2"
  
  read-package-tree@~5.1.5:
    version "5.1.6"
    resolved "https://registry.yarnpkg.com/read-package-tree/-/read-package-tree-5.1.6.tgz#4f03e83d0486856fb60d97c94882841c2a7b1b7a"
    integrity sha512-FCX1aT3GWyY658wzDICef4p+n0dB+ENRct8E/Qyvppj6xVpOYerBHfUu7OP5Rt1/393Tdglguf5ju5DEX4wZNg==
    dependencies:
      debuglog "^1.0.1"
      dezalgo "^1.0.0"
      once "^1.3.0"
      read-package-json "^2.0.0"
      readdir-scoped-modules "^1.0.0"
  
  read-yaml-file@1.1.0:
    version "1.1.0"
    resolved "https://registry.yarnpkg.com/read-yaml-file/-/read-yaml-file-1.1.0.tgz#9362bbcbdc77007cc8ea4519fe1c0b821a7ce0d8"
    integrity sha512-VIMnQi/Z4HT2Fxuwg5KrY174U1VdUIASQVWXXyqtNRtxSr9IYkn1rsI6Tb6HsrHCmB7gVpNwX6JxPTHcH6IoTA==
    dependencies:
      graceful-fs "^4.1.5"
      js-yaml "^3.6.1"
      pify "^4.0.1"
      strip-bom "^3.0.0"
  
  readdir-scoped-modules@^1.0.0:
    version "1.1.0"
    resolved "https://registry.yarnpkg.com/readdir-scoped-modules/-/readdir-scoped-modules-1.1.0.tgz#8d45407b4f870a0dcaebc0e28670d18e74514309"
    integrity sha512-asaikDeqAQg7JifRsZn1NJZXo9E+VwlyCfbkZhwyISinqk5zNS6266HS5kah6P0SaQKGF6SkNnZVHUzHFYxYDw==
    dependencies:
      debuglog "^1.0.1"
      dezalgo "^1.0.0"
      graceful-fs "^4.1.2"
      once "^1.3.0"
  
  resolve@^1.10.0:
    version "1.15.1"
    resolved "https://registry.yarnpkg.com/resolve/-/resolve-1.15.1.tgz#27bdcdeffeaf2d6244b95bb0f9f4b4653451f3e8"
    integrity sha512-84oo6ZTtoTUpjgNEr5SJyzQhzL72gaRodsSfyxC/AXRvwu0Yse9H8eF9IpGo7b8YetZhlI6v7ZQ6bKBFV/6S7w==
    dependencies:
      path-parse "^1.0.6"
  
  restore-cursor@^2.0.0:
    version "2.0.0"
    resolved "https://registry.yarnpkg.com/restore-cursor/-/restore-cursor-2.0.0.tgz#9f7ee287f82fd326d4fd162923d62129eee0dfaf"
    integrity sha1-n37ih/gv0ybU/RYpI9YhKe7g368=
    dependencies:
      onetime "^2.0.0"
      signal-exit "^3.0.2"
  
  run-async@^2.2.0:
    version "2.3.0"
    resolved "https://registry.yarnpkg.com/run-async/-/run-async-2.3.0.tgz#0371ab4ae0bdd720d4166d7dfda64ff7a445a6c0"
    integrity sha1-A3GrSuC91yDUFm19/aZP96RFpsA=
    dependencies:
      is-promise "^2.1.0"
  
  rxjs@^6.4.0:
    version "6.5.4"
    resolved "https://registry.yarnpkg.com/rxjs/-/rxjs-6.5.4.tgz#e0777fe0d184cec7872df147f303572d414e211c"
    integrity sha512-naMQXcgEo3csAEGvw/NydRA0fuS2nDZJiw1YUWFKU7aPPAPGZEsD4Iimit96qwCieH6y614MCLYwdkrWx7z/7Q==
    dependencies:
      tslib "^1.9.0"
  
  safe-buffer@^5.1.2:
    version "5.2.0"
    resolved "https://registry.yarnpkg.com/safe-buffer/-/safe-buffer-5.2.0.tgz#b74daec49b1148f88c64b68d49b1e815c1f2f519"
    integrity sha512-fZEwUGbVl7kouZs1jCdMLdt95hdIv0ZeHg6L7qPeciMZhZ+/gdesW4wgTARkrFWEpspjEATAzUGPG8N2jJiwbg==
  
  "safer-buffer@>= 2.1.2 < 3":
    version "2.1.2"
    resolved "https://registry.yarnpkg.com/safer-buffer/-/safer-buffer-2.1.2.tgz#44fa161b0187b9549dd84bb91802f9bd8385cd6a"
    integrity sha512-YZo3K82SD7Riyi0E1EQPojLz7kpepnSQI9IyPbHHg1XXXevb5dJI7tpyN2ADxGcQbHG7vcyRHk0cbwqcQriUtg==
  
  "semver@2 || 3 || 4 || 5", semver@^5.6.0:
    version "5.7.1"
    resolved "https://registry.yarnpkg.com/semver/-/semver-5.7.1.tgz#a954f931aeba508d307bbf069eff0c01c96116f7"
    integrity sha512-sauaDf/PZdVgrLTNYHRtpXa1iRiKcaebiKQ1BJdpQlWH2lCvexQdX55snPFyK7QzpudqbCI0qXFfOasHdyNDGQ==
  
  semver@^6.0.0:
    version "6.3.0"
    resolved "https://registry.yarnpkg.com/semver/-/semver-6.3.0.tgz#ee0a64c8af5e8ceea67687b133761e1becbd1d3d"
    integrity sha512-b39TBaTSfV6yBrapU89p5fKekE2m/NwnDocOVruQFS1/veMgdzuPcnOM34M6CwxW8jH/lxEa5rBoDeUwu5HHTw==
  
  semver@~5.3.0:
    version "5.3.0"
    resolved "https://registry.yarnpkg.com/semver/-/semver-5.3.0.tgz#9b2ce5d3de02d17c6012ad326aa6b4d0cf54f94f"
    integrity sha1-myzl094C0XxgEq0yaqa00M9U+U8=
  
  signal-exit@^3.0.2:
    version "3.0.2"
    resolved "https://registry.yarnpkg.com/signal-exit/-/signal-exit-3.0.2.tgz#b5fdc08f1287ea1178628e415e25132b73646c6d"
    integrity sha1-tf3AjxKH6hF4Yo5BXiUTK3NkbG0=
  
  sort-keys@4.0.0, sort-keys@^4.0.0:
    version "4.0.0"
    resolved "https://registry.yarnpkg.com/sort-keys/-/sort-keys-4.0.0.tgz#56dc5e256637bfe3fec8db0dc57c08b1a2be22d6"
    integrity sha512-hlJLzrn/VN49uyNkZ8+9b+0q9DjmmYcYOnbMQtpkLrYpPwRApDPZfmqbUfJnAA3sb/nRib+nDot7Zi/1ER1fuA==
    dependencies:
      is-plain-obj "^2.0.0"
  
  sort-keys@^3.0.0:
    version "3.0.0"
    resolved "https://registry.yarnpkg.com/sort-keys/-/sort-keys-3.0.0.tgz#fa751737e3da363ef80632d4fd78e324d661fe9a"
    integrity sha512-77XUKMiZN5LvQXZ9sgWfJza19AvYIDwaDGwGiULM+B5XYru8Z90Oh06JvqDlJczvjjYvssrV0aK1GI6+YXvn5A==
    dependencies:
      is-plain-obj "^2.0.0"
  
  spdx-correct@^3.0.0:
    version "3.1.0"
    resolved "https://registry.yarnpkg.com/spdx-correct/-/spdx-correct-3.1.0.tgz#fb83e504445268f154b074e218c87c003cd31df4"
    integrity sha512-lr2EZCctC2BNR7j7WzJ2FpDznxky1sjfxvvYEyzxNyb6lZXHODmEoJeFu4JupYlkfha1KZpJyoqiJ7pgA1qq8Q==
    dependencies:
      spdx-expression-parse "^3.0.0"
      spdx-license-ids "^3.0.0"
  
  spdx-exceptions@^2.1.0:
    version "2.2.0"
    resolved "https://registry.yarnpkg.com/spdx-exceptions/-/spdx-exceptions-2.2.0.tgz#2ea450aee74f2a89bfb94519c07fcd6f41322977"
    integrity sha512-2XQACfElKi9SlVb1CYadKDXvoajPgBVPn/gOQLrTvHdElaVhr7ZEbqJaRnJLVNeaI4cMEAgVCeBMKF6MWRDCRA==
  
  spdx-expression-parse@^3.0.0:
    version "3.0.0"
    resolved "https://registry.yarnpkg.com/spdx-expression-parse/-/spdx-expression-parse-3.0.0.tgz#99e119b7a5da00e05491c9fa338b7904823b41d0"
    integrity sha512-Yg6D3XpRD4kkOmTpdgbUiEJFKghJH03fiC1OPll5h/0sO6neh2jqRDVHOQ4o/LMea0tgCkbMgea5ip/e+MkWyg==
    dependencies:
      spdx-exceptions "^2.1.0"
      spdx-license-ids "^3.0.0"
  
  spdx-license-ids@^3.0.0:
    version "3.0.5"
    resolved "https://registry.yarnpkg.com/spdx-license-ids/-/spdx-license-ids-3.0.5.tgz#3694b5804567a458d3c8045842a6358632f62654"
    integrity sha512-J+FWzZoynJEXGphVIS+XEh3kFSjZX/1i9gFBaWQcB+/tmpe2qUsSBABpcxqxnAxFdiUFEgAX1bjYGQvIZmoz9Q==
  
  sprintf-js@~1.0.2:
    version "1.0.3"
    resolved "https://registry.yarnpkg.com/sprintf-js/-/sprintf-js-1.0.3.tgz#04e6926f662895354f3dd015203633b857297e2c"
    integrity sha1-BOaSb2YolTVPPdAVIDYzuFcpfiw=
  
  strict-uri-encode@~2.0.0:
    version "2.0.0"
    resolved "https://registry.yarnpkg.com/strict-uri-encode/-/strict-uri-encode-2.0.0.tgz#b9c7330c7042862f6b142dc274bbcc5866ce3546"
    integrity sha1-ucczDHBChi9rFC3CdLvMWGbONUY=
  
  string-width@^2.1.0:
    version "2.1.1"
    resolved "https://registry.yarnpkg.com/string-width/-/string-width-2.1.1.tgz#ab93f27a8dc13d28cac815c462143a6d9012ae9e"
    integrity sha512-nOqH59deCq9SRHlxq1Aw85Jnt4w6KvLKqWVik6oA9ZklXLNIOlqg4F2yrT1MVaTjAqvVwdfeZ7w7aCvJD7ugkw==
    dependencies:
      is-fullwidth-code-point "^2.0.0"
      strip-ansi "^4.0.0"
  
  strip-ansi@^4.0.0:
    version "4.0.0"
    resolved "https://registry.yarnpkg.com/strip-ansi/-/strip-ansi-4.0.0.tgz#a8479022eb1ac368a871389b635262c505ee368f"
    integrity sha1-qEeQIusaw2iocTibY1JixQXuNo8=
    dependencies:
      ansi-regex "^3.0.0"
  
  strip-ansi@^5.0.0:
    version "5.2.0"
    resolved "https://registry.yarnpkg.com/strip-ansi/-/strip-ansi-5.2.0.tgz#8c9a536feb6afc962bdfa5b104a5091c1ad9c0ae"
    integrity sha512-DuRs1gKbBqsMKIZlrffwlug8MHkcnpjs5VPmL1PAh+mA30U0DTotfDZ0d2UUsXpPmPmMMJ6W773MaA3J+lbiWA==
    dependencies:
      ansi-regex "^4.1.0"
  
  strip-bom@4.0.0:
    version "4.0.0"
    resolved "https://registry.yarnpkg.com/strip-bom/-/strip-bom-4.0.0.tgz#9c3505c1db45bcedca3d9cf7a16f5c5aa3901878"
    integrity sha512-3xurFv5tEgii33Zi8Jtp55wEIILR9eh34FAW00PZf+JnSsTmV/ioewSgQl97JHvgjoRGwPShsWm+IdrxB35d0w==
  
  strip-bom@^3.0.0:
    version "3.0.0"
    resolved "https://registry.yarnpkg.com/strip-bom/-/strip-bom-3.0.0.tgz#2334c18e9c759f7bdd56fdef7e9ae3d588e68ed3"
    integrity sha1-IzTBjpx1n3vdVv3vfprj1YjmjtM=
  
  supports-color@^5.3.0:
    version "5.5.0"
    resolved "https://registry.yarnpkg.com/supports-color/-/supports-color-5.5.0.tgz#e2e69a44ac8772f78a1ec0b35b689df6530efc8f"
    integrity sha512-QjVjwdXIt408MIiAqCX4oUKsgU2EqAGzs2Ppkm4aQYbjm+ZEWEcW4SfFNTr4uMNZma0ey4f5lgLrkB0aX0QMow==
    dependencies:
      has-flag "^3.0.0"
  
  tar@~4.4.1:
    version "4.4.13"
    resolved "https://registry.yarnpkg.com/tar/-/tar-4.4.13.tgz#43b364bc52888d555298637b10d60790254ab525"
    integrity sha512-w2VwSrBoHa5BsSyH+KxEqeQBAllHhccyMFVHtGtdMpF4W7IRWfZjFiQceJPChOeTsSDVUpER2T8FA93pr0L+QA==
    dependencies:
      chownr "^1.1.1"
      fs-minipass "^1.2.5"
      minipass "^2.8.6"
      minizlib "^1.2.1"
      mkdirp "^0.5.0"
      safe-buffer "^5.1.2"
      yallist "^3.0.3"
  
  thenify-all@^1.0.0:
    version "1.6.0"
    resolved "https://registry.yarnpkg.com/thenify-all/-/thenify-all-1.6.0.tgz#1a1918d402d8fc3f98fbf234db0bcc8cc10e9726"
    integrity sha1-GhkY1ALY/D+Y+/I02wvMjMEOlyY=
    dependencies:
      thenify ">= 3.1.0 < 4"
  
  "thenify@>= 3.1.0 < 4":
    version "3.3.0"
    resolved "https://registry.yarnpkg.com/thenify/-/thenify-3.3.0.tgz#e69e38a1babe969b0108207978b9f62b88604839"
    integrity sha1-5p44obq+lpsBCCB5eLn2K4hgSDk=
    dependencies:
      any-promise "^1.0.0"
  
  through@^2.3.6:
    version "2.3.8"
    resolved "https://registry.yarnpkg.com/through/-/through-2.3.8.tgz#0dd4c9ffaabc357960b1b724115d7e0e86a2e1f5"
    integrity sha1-DdTJ/6q8NXlgsbckEV1+Doai4fU=
  
  timsort@~0.3.0:
    version "0.3.0"
    resolved "https://registry.yarnpkg.com/timsort/-/timsort-0.3.0.tgz#405411a8e7e6339fe64db9a234de11dc31e02bd4"
    integrity sha1-QFQRqOfmM5/mTbmiNN4R3DHgK9Q=
  
  tmp@^0.0.33:
    version "0.0.33"
    resolved "https://registry.yarnpkg.com/tmp/-/tmp-0.0.33.tgz#6d34335889768d21b2bcda0aa277ced3b1bfadf9"
    integrity sha512-jRCJlojKnZ3addtTOjdIqoRuPEKBvNXcGYqzO6zWZX8KfKEpnGY5jfggJQ3EjKuu8D4bJRr0y+cYJFmYbImXGw==
    dependencies:
      os-tmpdir "~1.0.2"
  
  "true-case-path@~2.2.1":
    version "2.2.1"
    resolved "https://registry.yarnpkg.com/true-case-path/-/true-case-path-2.2.1.tgz#c5bf04a5bbec3fd118be4084461b3a27c4d796bf"
    integrity sha512-0z3j8R7MCjy10kc/g+qg7Ln3alJTodw9aDuVWZa3uiWqfuBMKeAeP2ocWcxoyM3D73yz3Jt/Pu4qPr4wHSdB/Q==
  
  tslib@^1.9.0:
    version "1.10.0"
    resolved "https://registry.yarnpkg.com/tslib/-/tslib-1.10.0.tgz#c3c19f95973fb0a62973fb09d90d961ee43e5c8a"
    integrity sha512-qOebF53frne81cf0S9B41ByenJ3/IuH8yJKngAX35CmiZySA0khhkovshKK+jGCaMnVomla7gVlIcc3EvKPbTQ==
  
  universalify@^0.1.0:
    version "0.1.2"
    resolved "https://registry.yarnpkg.com/universalify/-/universalify-0.1.2.tgz#b646f69be3942dabcecc9d6639c80dc105efaa66"
    integrity sha512-rBJeI5CXAlmy1pV+617WB9J63U6XcazHHF2f2dbJix4XzpUF0RS3Zbj0FGIOCAva5P/d/GBOYaACQ1w+0azUkg==
  
  validate-npm-package-license@^3.0.1:
    version "3.0.4"
    resolved "https://registry.yarnpkg.com/validate-npm-package-license/-/validate-npm-package-license-3.0.4.tgz#fc91f6b9c7ba15c857f4cb2c5defeec39d4f410a"
    integrity sha512-DpKm2Ui/xN7/HQKCtpZxoRWBhZ9Z0kqtygG8XCgNQ8ZlDnxuQmWhj566j8fN4Cu3/JmbhsDo7fcAJq4s9h27Ew==
    dependencies:
      spdx-correct "^3.0.0"
      spdx-expression-parse "^3.0.0"
  
  validate-npm-package-name@^3.0.0:
    version "3.0.0"
    resolved "https://registry.yarnpkg.com/validate-npm-package-name/-/validate-npm-package-name-3.0.0.tgz#5fa912d81eb7d0c74afc140de7317f0ca7df437e"
    integrity sha1-X6kS2B630MdK/BQN5zF/DKffQ34=
    dependencies:
      builtins "^1.0.3"
  
  validator@^8.0.0:
    version "8.2.0"
    resolved "https://registry.yarnpkg.com/validator/-/validator-8.2.0.tgz#3c1237290e37092355344fef78c231249dab77b9"
    integrity sha512-Yw5wW34fSv5spzTXNkokD6S6/Oq92d8q/t14TqsS3fAiA1RYnxSFSIZ+CY3n6PGGRCq5HhJTSepQvFUS2QUDxA==
  
  wordwrap@~1.0.0:
    version "1.0.0"
    resolved "https://registry.yarnpkg.com/wordwrap/-/wordwrap-1.0.0.tgz#27584810891456a4171c8d0226441ade90cbcaeb"
    integrity sha1-J1hIEIkUVqQXHI0CJkQa3pDLyus=
  
  wrappy@1:
    version "1.0.2"
    resolved "https://registry.yarnpkg.com/wrappy/-/wrappy-1.0.2.tgz#b5243d8f3ec1aa35f1364605bc0d1036e30ab69f"
    integrity sha1-tSQ9jz7BqjXxNkYFvA0QNuMKtp8=
  
  write-file-atomic@^2.4.2, write-file-atomic@^2.4.3:
    version "2.4.3"
    resolved "https://registry.yarnpkg.com/write-file-atomic/-/write-file-atomic-2.4.3.tgz#1fd2e9ae1df3e75b8d8c367443c692d4ca81f481"
    integrity sha512-GaETH5wwsX+GcnzhPgKcKjJ6M2Cq3/iZp1WyY/X1CSqrW+jVNM9Y7D8EC2sM4ZG/V8wZlSniJnCKWPmBYAucRQ==
    dependencies:
      graceful-fs "^4.1.11"
      imurmurhash "^0.1.4"
      signal-exit "^3.0.2"
  
  write-json-file@4.0.0:
    version "4.0.0"
    resolved "https://registry.yarnpkg.com/write-json-file/-/write-json-file-4.0.0.tgz#a04889c36fde42ac4100f05dfd9793d09c97d6c5"
    integrity sha512-ak8Ww3Me8G9jD1XcFyXV4HTX0HGISBrJu09JYx/v+WINBOdJAge7wVH1BGhOnJxaFM1ufUevjlrrgiZz8Vwj7w==
    dependencies:
      detect-indent "^6.0.0"
      graceful-fs "^4.1.15"
      make-dir "^3.0.0"
      sort-keys "^3.0.0"
      write-file-atomic "^2.4.2"
  
  write-json5-file@2.1.2:
    version "2.1.2"
    resolved "https://registry.yarnpkg.com/write-json5-file/-/write-json5-file-2.1.2.tgz#e7a1863d3cb21c6bf6fbdfed251c7194409ae40b"
    integrity sha512-4LUqyx4CwxVDLEbp83IF6s+3VHduw3PvDYowgbjPLJeD3bVt+vtnLfR4FbbPu7lCs9LSoqwDwGfnzhe/fJyACQ==
    dependencies:
      graceful-fs "^4.1.11"
      json5 "^2.0.0"
      make-dir "^3.0.0"
      sort-keys "^4.0.0"
      write-file-atomic "^2.4.3"
  
  write-yaml-file@3.0.1:
    version "3.0.1"
    resolved "https://registry.yarnpkg.com/write-yaml-file/-/write-yaml-file-3.0.1.tgz#5d8a1dcf50fc28c05498a380677188d08ccbb260"
    integrity sha512-OHzbrlgjw/K/BAH6LdEOcSQFz5nkk0I/25CjKLIVFvcg2Ej7+QE/GTnitgqWnhlsdghor7OV5gfttQPGogQ1XA==
    dependencies:
      graceful-fs "^4.1.11"
      js-yaml "^3.8.1"
      make-dir "^3.0.0"
      pify "^4.0.0"
      write-file-atomic "^2.4.3"
  
  yallist@^3.0.0, yallist@^3.0.3:
    version "3.1.1"
    resolved "https://registry.yarnpkg.com/yallist/-/yallist-3.1.1.tgz#dbb7daf9bfd8bac9ab45ebf602b8cbad0d5d08fd"
    integrity sha512-a4UGQaWPH59mOXUYnAG2ewncQS4i4F43Tv3JoAM+s2VDAmS9NsK8GpDMLrCHPksFT7h3K6TOoUNn2pb7RoXx4g==
  
  z-schema@~3.18.3:
    version "3.18.4"
    resolved "https://registry.yarnpkg.com/z-schema/-/z-schema-3.18.4.tgz#ea8132b279533ee60be2485a02f7e3e42541a9a2"
    integrity sha512-DUOKC/IhbkdLKKiV89gw9DUauTV8U/8yJl1sjf6MtDmzevLKOF2duNJ495S3MFVjqZarr+qNGCPbkg4mu4PpLw==
    dependencies:
      lodash.get "^4.0.0"
      lodash.isequal "^4.0.0"
      validator "^8.0.0"
    optionalDependencies:
      commander "^2.7.1"
